[2026-04-26 05:41:00] local.DEBUG: Country Name: {"name":"Afghanistan"} 
[2026-04-26 05:41:00] local.DEBUG: Country Name: {"name":"Bangladesh"} 
[2026-04-26 05:41:43] local.INFO: Qrgen created successfully {"id":289} 
[2026-04-26 05:45:57] local.ERROR: Failed to authenticate on SMTP server with username "info@womenindigital.net" using 3 possible authenticators. Authenticator LOGIN returned Expected response code 235 but got code "534", with message "534-5.7.9 Application-specific password required. For more information, go to
534 5.7.9  https://support.google.com/mail/?p=InvalidSecondFactor 98e67ed59e1d1-3613fab1c32sm10701294a91.5 - gsmtp
". Authenticator PLAIN returned Expected response code 235 but got code "534", with message "534-5.7.9 Application-specific password required. For more information, go to
534 5.7.9  https://support.google.com/mail/?p=InvalidSecondFactor 98e67ed59e1d1-3613fab1c32sm10701294a91.5 - gsmtp
". Authenticator XOAUTH2 returned Expected response code 250 but got code "535", with message "535-5.7.8 Username and Password not accepted. For more information, go to
535 5.7.8  https://support.google.com/mail/?p=BadCredentials 98e67ed59e1d1-3613fab1c32sm10701294a91.5 - gsmtp
". {"exception":"[object] (Swift_TransportException(code: 0): Failed to authenticate on SMTP server with username \"info@womenindigital.net\" using 3 possible authenticators. Authenticator LOGIN returned Expected response code 235 but got code \"534\", with message \"534-5.7.9 Application-specific password required. For more information, go to

534 5.7.9  https://support.google.com/mail/?p=InvalidSecondFactor 98e67ed59e1d1-3613fab1c32sm10701294a91.5 - gsmtp

\". Authenticator PLAIN returned Expected response code 235 but got code \"534\", with message \"534-5.7.9 Application-specific password required. For more information, go to

534 5.7.9  https://support.google.com/mail/?p=InvalidSecondFactor 98e67ed59e1d1-3613fab1c32sm10701294a91.5 - gsmtp

\". Authenticator XOAUTH2 returned Expected response code 250 but got code \"535\", with message \"535-5.7.8 Username and Password not accepted. For more information, go to

535 5.7.8  https://support.google.com/mail/?p=BadCredentials 98e67ed59e1d1-3613fab1c32sm10701294a91.5 - gsmtp

\". at F:\\WWW\\full compleate\\SmartCardBackend\\vendor\\swiftmailer\\swiftmailer\\lib\\classes\\Swift\\Transport\\Esmtp\\AuthHandler.php:191)
[stacktrace]
#0 F:\\WWW\\full compleate\\SmartCardBackend\\vendor\\swiftmailer\\swiftmailer\\lib\\classes\\Swift\\Transport\\EsmtpTransport.php(371): Swift_Transport_Esmtp_AuthHandler->afterEhlo(Object(Swift_SmtpTransport))
#1 F:\\WWW\\full compleate\\SmartCardBackend\\vendor\\swiftmailer\\swiftmailer\\lib\\classes\\Swift\\Transport\\AbstractSmtpTransport.php(148): Swift_Transport_EsmtpTransport->doHeloCommand()
#2 F:\\WWW\\full compleate\\SmartCardBackend\\vendor\\swiftmailer\\swiftmailer\\lib\\classes\\Swift\\Mailer.php(65): Swift_Transport_AbstractSmtpTransport->start()
#3 F:\\WWW\\full compleate\\SmartCardBackend\\vendor\\laravel\\framework\\src\\Illuminate\\Mail\\Mailer.php(521): Swift_Mailer->send(Object(Swift_Message), Array)
#4 F:\\WWW\\full compleate\\SmartCardBackend\\vendor\\laravel\\framework\\src\\Illuminate\\Mail\\Mailer.php(288): Illuminate\\Mail\\Mailer->sendSwiftMessage(Object(Swift_Message))
#5 F:\\WWW\\full compleate\\SmartCardBackend\\vendor\\laravel\\framework\\src\\Illuminate\\Notifications\\Channels\\MailChannel.php(62): Illuminate\\Mail\\Mailer->send(Object(Illuminate\\Support\\HtmlString), Array, Object(Closure))
#6 F:\\WWW\\full compleate\\SmartCardBackend\\vendor\\laravel\\framework\\src\\Illuminate\\Notifications\\NotificationSender.php(148): Illuminate\\Notifications\\Channels\\MailChannel->send(Object(App\\Models\\User), Object(App\\Notifications\\CustomVerifyEmail))
#7 F:\\WWW\\full compleate\\SmartCardBackend\\vendor\\laravel\\framework\\src\\Illuminate\\Notifications\\NotificationSender.php(106): Illuminate\\Notifications\\NotificationSender->sendToNotifiable(Object(App\\Models\\User), 'c1424346-ca94-4...', Object(App\\Notifications\\CustomVerifyEmail), 'mail')
#8 F:\\WWW\\full compleate\\SmartCardBackend\\vendor\\laravel\\framework\\src\\Illuminate\\Support\\Traits\\Localizable.php(19): Illuminate\\Notifications\\NotificationSender->Illuminate\\Notifications\\{closure}()
#9 F:\\WWW\\full compleate\\SmartCardBackend\\vendor\\laravel\\framework\\src\\Illuminate\\Notifications\\NotificationSender.php(101): Illuminate\\Notifications\\NotificationSender->withLocale(NULL, Object(Closure))
#10 F:\\WWW\\full compleate\\SmartCardBackend\\vendor\\laravel\\framework\\src\\Illuminate\\Notifications\\NotificationSender.php(79): Illuminate\\Notifications\\NotificationSender->sendNow(Object(Illuminate\\Database\\Eloquent\\Collection), Object(App\\Notifications\\CustomVerifyEmail))
#11 F:\\WWW\\full compleate\\SmartCardBackend\\vendor\\laravel\\framework\\src\\Illuminate\\Notifications\\ChannelManager.php(39): Illuminate\\Notifications\\NotificationSender->send(Object(Illuminate\\Database\\Eloquent\\Collection), Object(App\\Notifications\\CustomVerifyEmail))
#12 F:\\WWW\\full compleate\\SmartCardBackend\\vendor\\laravel\\framework\\src\\Illuminate\\Notifications\\RoutesNotifications.php(18): Illuminate\\Notifications\\ChannelManager->send(Object(App\\Models\\User), Object(App\\Notifications\\CustomVerifyEmail))
#13 F:\\WWW\\full compleate\\SmartCardBackend\\app\\Models\\User.php(68): App\\Models\\User->notify(Object(App\\Notifications\\CustomVerifyEmail))
#14 F:\\WWW\\full compleate\\SmartCardBackend\\vendor\\laravel\\framework\\src\\Illuminate\\Auth\\Listeners\\SendEmailVerificationNotification.php(19): App\\Models\\User->sendEmailVerificationNotification()
#15 F:\\WWW\\full compleate\\SmartCardBackend\\vendor\\laravel\\framework\\src\\Illuminate\\Events\\Dispatcher.php(424): Illuminate\\Auth\\Listeners\\SendEmailVerificationNotification->handle(Object(Illuminate\\Auth\\Events\\Registered))
#16 F:\\WWW\\full compleate\\SmartCardBackend\\vendor\\laravel\\framework\\src\\Illuminate\\Events\\Dispatcher.php(249): Illuminate\\Events\\Dispatcher->Illuminate\\Events\\{closure}('Illuminate\\\\Auth...', Array)
#17 F:\\WWW\\full compleate\\SmartCardBackend\\vendor\\laravel\\framework\\src\\Illuminate\\Foundation\\helpers.php(450): Illuminate\\Events\\Dispatcher->dispatch('Illuminate\\\\Auth...')
#18 F:\\WWW\\full compleate\\SmartCardBackend\\vendor\\laravel\\ui\\auth-backend\\RegistersUsers.php(34): event(Object(Illuminate\\Auth\\Events\\Registered))
#19 F:\\WWW\\full compleate\\SmartCardBackend\\vendor\\laravel\\framework\\src\\Illuminate\\Routing\\Controller.php(54): App\\Http\\Controllers\\Auth\\RegisterController->register(Object(Illuminate\\Http\\Request))
#20 F:\\WWW\\full compleate\\SmartCardBackend\\vendor\\laravel\\framework\\src\\Illuminate\\Routing\\ControllerDispatcher.php(45): Illuminate\\Routing\\Controller->callAction('register', Array)
#21 F:\\WWW\\full compleate\\SmartCardBackend\\vendor\\laravel\\framework\\src\\Illuminate\\Routing\\Route.php(261): Illuminate\\Routing\\ControllerDispatcher->dispatch(Object(Illuminate\\Routing\\Route), Object(App\\Http\\Controllers\\Auth\\RegisterController), 'register')
#22 F:\\WWW\\full compleate\\SmartCardBackend\\vendor\\laravel\\framework\\src\\Illuminate\\Routing\\Route.php(205): Illuminate\\Routing\\Route->runController()
#23 F:\\WWW\\full compleate\\SmartCardBackend\\vendor\\laravel\\framework\\src\\Illuminate\\Routing\\Router.php(721): Illuminate\\Routing\\Route->run()
#24 F:\\WWW\\full compleate\\SmartCardBackend\\vendor\\laravel\\framework\\src\\Illuminate\\Pipeline\\Pipeline.php(128): Illuminate\\Routing\\Router->Illuminate\\Routing\\{closure}(Object(Illuminate\\Http\\Request))
#25 F:\\WWW\\full compleate\\SmartCardBackend\\app\\Http\\Middleware\\RedirectIfAuthenticated.php(45): Illuminate\\Pipeline\\Pipeline->Illuminate\\Pipeline\\{closure}(Object(Illuminate\\Http\\Request))
#26 F:\\WWW\\full compleate\\SmartCardBackend\\vendor\\laravel\\framework\\src\\Illuminate\\Pipeline\\Pipeline.php(167): App\\Http\\Middleware\\RedirectIfAuthenticated->handle(Object(Illuminate\\Http\\Request), Object(Closure))
#27 F:\\WWW\\full compleate\\SmartCardBackend\\vendor\\laravel\\framework\\src\\Illuminate\\Routing\\Middleware\\SubstituteBindings.php(50): Illuminate\\Pipeline\\Pipeline->Illuminate\\Pipeline\\{closure}(Object(Illuminate\\Http\\Request))
#28 F:\\WWW\\full compleate\\SmartCardBackend\\vendor\\laravel\\framework\\src\\Illuminate\\Pipeline\\Pipeline.php(167): Illuminate\\Routing\\Middleware\\SubstituteBindings->handle(Object(Illuminate\\Http\\Request), Object(Closure))
#29 F:\\WWW\\full compleate\\SmartCardBackend\\vendor\\laravel\\framework\\src\\Illuminate\\Foundation\\Http\\Middleware\\VerifyCsrfToken.php(78): Illuminate\\Pipeline\\Pipeline->Illuminate\\Pipeline\\{closure}(Object(Illuminate\\Http\\Request))
#30 F:\\WWW\\full compleate\\SmartCardBackend\\vendor\\laravel\\framework\\src\\Illuminate\\Pipeline\\Pipeline.php(167): Illuminate\\Foundation\\Http\\Middleware\\VerifyCsrfToken->handle(Object(Illuminate\\Http\\Request), Object(Closure))
#31 F:\\WWW\\full compleate\\SmartCardBackend\\vendor\\laravel\\framework\\src\\Illuminate\\View\\Middleware\\ShareErrorsFromSession.php(49): Illuminate\\Pipeline\\Pipeline->Illuminate\\Pipeline\\{closure}(Object(Illuminate\\Http\\Request))
#32 F:\\WWW\\full compleate\\SmartCardBackend\\vendor\\laravel\\framework\\src\\Illuminate\\Pipeline\\Pipeline.php(167): Illuminate\\View\\Middleware\\ShareErrorsFromSession->handle(Object(Illuminate\\Http\\Request), Object(Closure))
#33 F:\\WWW\\full compleate\\SmartCardBackend\\vendor\\laravel\\framework\\src\\Illuminate\\Session\\Middleware\\StartSession.php(121): Illuminate\\Pipeline\\Pipeline->Illuminate\\Pipeline\\{closure}(Object(Illuminate\\Http\\Request))
#34 F:\\WWW\\full compleate\\SmartCardBackend\\vendor\\laravel\\framework\\src\\Illuminate\\Session\\Middleware\\StartSession.php(64): Illuminate\\Session\\Middleware\\StartSession->handleStatefulRequest(Object(Illuminate\\Http\\Request), Object(Illuminate\\Session\\Store), Object(Closure))
#35 F:\\WWW\\full compleate\\SmartCardBackend\\vendor\\laravel\\framework\\src\\Illuminate\\Pipeline\\Pipeline.php(167): Illuminate\\Session\\Middleware\\StartSession->handle(Object(Illuminate\\Http\\Request), Object(Closure))
#36 F:\\WWW\\full compleate\\SmartCardBackend\\vendor\\laravel\\framework\\src\\Illuminate\\Cookie\\Middleware\\AddQueuedCookiesToResponse.php(37): Illuminate\\Pipeline\\Pipeline->Illuminate\\Pipeline\\{closure}(Object(Illuminate\\Http\\Request))
#37 F:\\WWW\\full compleate\\SmartCardBackend\\vendor\\laravel\\framework\\src\\Illuminate\\Pipeline\\Pipeline.php(167): Illuminate\\Cookie\\Middleware\\AddQueuedCookiesToResponse->handle(Object(Illuminate\\Http\\Request), Object(Closure))
#38 F:\\WWW\\full compleate\\SmartCardBackend\\vendor\\laravel\\framework\\src\\Illuminate\\Cookie\\Middleware\\EncryptCookies.php(67): Illuminate\\Pipeline\\Pipeline->Illuminate\\Pipeline\\{closure}(Object(Illuminate\\Http\\Request))
#39 F:\\WWW\\full compleate\\SmartCardBackend\\vendor\\laravel\\framework\\src\\Illuminate\\Pipeline\\Pipeline.php(167): Illuminate\\Cookie\\Middleware\\EncryptCookies->handle(Object(Illuminate\\Http\\Request), Object(Closure))
#40 F:\\WWW\\full compleate\\SmartCardBackend\\vendor\\laravel\\framework\\src\\Illuminate\\Pipeline\\Pipeline.php(103): Illuminate\\Pipeline\\Pipeline->Illuminate\\Pipeline\\{closure}(Object(Illuminate\\Http\\Request))
#41 F:\\WWW\\full compleate\\SmartCardBackend\\vendor\\laravel\\framework\\src\\Illuminate\\Routing\\Router.php(719): Illuminate\\Pipeline\\Pipeline->then(Object(Closure))
#42 F:\\WWW\\full compleate\\SmartCardBackend\\vendor\\laravel\\framework\\src\\Illuminate\\Routing\\Router.php(698): Illuminate\\Routing\\Router->runRouteWithinStack(Object(Illuminate\\Routing\\Route), Object(Illuminate\\Http\\Request))
#43 F:\\WWW\\full compleate\\SmartCardBackend\\vendor\\laravel\\framework\\src\\Illuminate\\Routing\\Router.php(662): Illuminate\\Routing\\Router->runRoute(Object(Illuminate\\Http\\Request), Object(Illuminate\\Routing\\Route))
#44 F:\\WWW\\full compleate\\SmartCardBackend\\vendor\\laravel\\framework\\src\\Illuminate\\Routing\\Router.php(651): Illuminate\\Routing\\Router->dispatchToRoute(Object(Illuminate\\Http\\Request))
#45 F:\\WWW\\full compleate\\SmartCardBackend\\vendor\\laravel\\framework\\src\\Illuminate\\Foundation\\Http\\Kernel.php(167): Illuminate\\Routing\\Router->dispatch(Object(Illuminate\\Http\\Request))
#46 F:\\WWW\\full compleate\\SmartCardBackend\\vendor\\laravel\\framework\\src\\Illuminate\\Pipeline\\Pipeline.php(128): Illuminate\\Foundation\\Http\\Kernel->Illuminate\\Foundation\\Http\\{closure}(Object(Illuminate\\Http\\Request))
#47 F:\\WWW\\full compleate\\SmartCardBackend\\vendor\\laravel\\framework\\src\\Illuminate\\Foundation\\Http\\Middleware\\TransformsRequest.php(21): Illuminate\\Pipeline\\Pipeline->Illuminate\\Pipeline\\{closure}(Object(Illuminate\\Http\\Request))
#48 F:\\WWW\\full compleate\\SmartCardBackend\\vendor\\laravel\\framework\\src\\Illuminate\\Foundation\\Http\\Middleware\\ConvertEmptyStringsToNull.php(31): Illuminate\\Foundation\\Http\\Middleware\\TransformsRequest->handle(Object(Illuminate\\Http\\Request), Object(Closure))
#49 F:\\WWW\\full compleate\\SmartCardBackend\\vendor\\laravel\\framework\\src\\Illuminate\\Pipeline\\Pipeline.php(167): Illuminate\\Foundation\\Http\\Middleware\\ConvertEmptyStringsToNull->handle(Object(Illuminate\\Http\\Request), Object(Closure))
#50 F:\\WWW\\full compleate\\SmartCardBackend\\vendor\\laravel\\framework\\src\\Illuminate\\Foundation\\Http\\Middleware\\TransformsRequest.php(21): Illuminate\\Pipeline\\Pipeline->Illuminate\\Pipeline\\{closure}(Object(Illuminate\\Http\\Request))
#51 F:\\WWW\\full compleate\\SmartCardBackend\\vendor\\laravel\\framework\\src\\Illuminate\\Foundation\\Http\\Middleware\\TrimStrings.php(40): Illuminate\\Foundation\\Http\\Middleware\\TransformsRequest->handle(Object(Illuminate\\Http\\Request), Object(Closure))
#52 F:\\WWW\\full compleate\\SmartCardBackend\\vendor\\laravel\\framework\\src\\Illuminate\\Pipeline\\Pipeline.php(167): Illuminate\\Foundation\\Http\\Middleware\\TrimStrings->handle(Object(Illuminate\\Http\\Request), Object(Closure))
#53 F:\\WWW\\full compleate\\SmartCardBackend\\vendor\\laravel\\framework\\src\\Illuminate\\Foundation\\Http\\Middleware\\ValidatePostSize.php(27): Illuminate\\Pipeline\\Pipeline->Illuminate\\Pipeline\\{closure}(Object(Illuminate\\Http\\Request))
#54 F:\\WWW\\full compleate\\SmartCardBackend\\vendor\\laravel\\framework\\src\\Illuminate\\Pipeline\\Pipeline.php(167): Illuminate\\Foundation\\Http\\Middleware\\ValidatePostSize->handle(Object(Illuminate\\Http\\Request), Object(Closure))
#55 F:\\WWW\\full compleate\\SmartCardBackend\\vendor\\laravel\\framework\\src\\Illuminate\\Foundation\\Http\\Middleware\\PreventRequestsDuringMaintenance.php(86): Illuminate\\Pipeline\\Pipeline->Illuminate\\Pipeline\\{closure}(Object(Illuminate\\Http\\Request))
#56 F:\\WWW\\full compleate\\SmartCardBackend\\vendor\\laravel\\framework\\src\\Illuminate\\Pipeline\\Pipeline.php(167): Illuminate\\Foundation\\Http\\Middleware\\PreventRequestsDuringMaintenance->handle(Object(Illuminate\\Http\\Request), Object(Closure))
#57 F:\\WWW\\full compleate\\SmartCardBackend\\vendor\\fruitcake\\laravel-cors\\src\\HandleCors.php(52): Illuminate\\Pipeline\\Pipeline->Illuminate\\Pipeline\\{closure}(Object(Illuminate\\Http\\Request))
#58 F:\\WWW\\full compleate\\SmartCardBackend\\vendor\\laravel\\framework\\src\\Illuminate\\Pipeline\\Pipeline.php(167): Fruitcake\\Cors\\HandleCors->handle(Object(Illuminate\\Http\\Request), Object(Closure))
#59 F:\\WWW\\full compleate\\SmartCardBackend\\vendor\\laravel\\framework\\src\\Illuminate\\Http\\Middleware\\TrustProxies.php(39): Illuminate\\Pipeline\\Pipeline->Illuminate\\Pipeline\\{closure}(Object(Illuminate\\Http\\Request))
#60 F:\\WWW\\full compleate\\SmartCardBackend\\vendor\\laravel\\framework\\src\\Illuminate\\Pipeline\\Pipeline.php(167): Illuminate\\Http\\Middleware\\TrustProxies->handle(Object(Illuminate\\Http\\Request), Object(Closure))
#61 F:\\WWW\\full compleate\\SmartCardBackend\\vendor\\laravel\\framework\\src\\Illuminate\\Pipeline\\Pipeline.php(103): Illuminate\\Pipeline\\Pipeline->Illuminate\\Pipeline\\{closure}(Object(Illuminate\\Http\\Request))
#62 F:\\WWW\\full compleate\\SmartCardBackend\\vendor\\laravel\\framework\\src\\Illuminate\\Foundation\\Http\\Kernel.php(142): Illuminate\\Pipeline\\Pipeline->then(Object(Closure))
#63 F:\\WWW\\full compleate\\SmartCardBackend\\vendor\\laravel\\framework\\src\\Illuminate\\Foundation\\Http\\Kernel.php(111): Illuminate\\Foundation\\Http\\Kernel->sendRequestThroughRouter(Object(Illuminate\\Http\\Request))
#64 F:\\WWW\\full compleate\\SmartCardBackend\\public\\index.php(51): Illuminate\\Foundation\\Http\\Kernel->handle(Object(Illuminate\\Http\\Request))
#65 F:\\WWW\\full compleate\\SmartCardBackend\\server.php(21): require_once('F:\\\\WWW\\\\full com...')
#66 {main}
"} 
